SF:D:\projects\ephemeral_value\lib\src\ephemeral_value_base.dart
DA:8,1
DA:17,3
DA:24,1
DA:25,1
DA:26,1
DA:27,1
DA:35,1
DA:36,2
DA:44,1
DA:45,1
DA:46,1
DA:47,1
DA:55,1
DA:56,2
DA:64,1
DA:65,2
DA:76,1
DA:78,1
DA:79,2
DA:81,1
DA:82,2
DA:93,1
DA:95,1
DA:96,3
DA:98,1
DA:99,3
DA:108,1
DA:110,1
DA:111,3
DA:113,1
DA:114,3
DA:123,1
DA:125,1
DA:126,3
DA:128,1
DA:129,3
DA:138,1
DA:140,1
DA:141,3
DA:143,1
DA:144,3
DA:155,1
DA:157,1
DA:158,3
DA:160,1
DA:161,3
LF:46
LH:46
end_of_record
SF:C:\Users\xaman\AppData\Local\Pub\Cache\hosted\pub.dev\equatable-2.0.7\lib\src\equatable_mixin.dart
DA:18,0
DA:20,6
DA:23,6
DA:24,18
DA:25,18
DA:28,0
DA:29,0
DA:31,0
DA:33,0
DA:34,0
DA:36,0
LF:11
LH:4
end_of_record
